This is pdfTeX, Version 3.141592653-2.6-1.40.22 (TeX Live 2022/dev/Debian) (preloaded format=pdflatex 2023.3.23)  7 APR 2023 00:08
entering extended mode
 \write18 enabled.
 file:line:error style messages enabled.
 %&-line parsing enabled.
**/home/yiwent/eecs475/notes/lecture24-Tseng-Yiwen.tex
(/home/yiwent/eecs475/notes/lecture24-Tseng-Yiwen.tex
LaTeX2e <2021-11-15> patch level 1
L3 programming layer <2022-01-21>

! LaTeX Error: File `scribe.cls' not found.

Type X to quit or <RETURN> to proceed,
or enter new name. (Default extension: cls)

Enter file name: 
/home/yiwent/eecs475/notes/lecture24-Tseng-Yiwen.tex:2: Emergency stop.
<read *> 
         
l.2 ^^M
       
*** (cannot \read from terminal in nonstop modes)

 
Here is how much of TeX's memory you used:
 24 strings out of 478287
 615 string characters out of 5849289
 289004 words of memory out of 5000000
 18318 multiletter control sequences out of 15000+600000
 469259 words of font info for 28 fonts, out of 8000000 for 9000
 1141 hyphenation exceptions out of 8191
 19i,0n,29p,106b,17s stack positions out of 5000i,500n,10000p,200000b,80000s
/home/yiwent/eecs475/notes/lecture24-Tseng-Yiwen.tex:2:  ==> Fatal error occurred, no output PDF file produced!
